<jungsan> info[2022-8-24 9:48:03]: 안녕하세요
<jungsan> info[2022-08-24 09:48:03]: 안녕하세요
<jungsan> info[2022-08-24 09:49:03]: 안녕하세요
<jungsan> info[2022-08-24 09:50:03]: 안녕하세요
<jungsan> info[2022-08-24 09:51:03]: 안녕하세요
<jungsan> info[2022-08-24 09:51:03]: 안녕하세요
<jungsan> info[2022-08-24 09:52:03]: 안녕하세요
<jungsan> info[2022-08-24 09:54:03]: 안녕하세요
<jungsan> info[2022-08-24 09:56:03]: 안녕하세요
<jungsan> info[2022-08-24 09:56:03]: 안녕하세요
<jungsan> info[2022-08-24 09:56:03]: 서버 가동
<jungsan> info[2022-08-24 09:57:03]: 안녕하세요
<jungsan> info[2022-08-24 09:57:03]: ${PORT}포트에서 서버가 가동되었습니다.
<jungsan> info[2022-08-24 09:57:03]: 안녕하세요
<jungsan> info[2022-08-24 09:57:03]: ${PORT}포트에서 서버가 가동되었습니다.
<jungsan> info[2022-08-24 09:57:03]: 안녕하세요
<jungsan> info[2022-08-24 09:57:03]: 3000포트에서 서버가 가동되었습니다.
<jungsan> info[2022-08-26 11:46:05]: 안녕하세요
<jungsan> info[2022-08-26 11:46:05]: 3000포트에서 서버가 가동되었습니다.
<jungsan> info[2022-08-26 11:46:05]: GET / 200 "홈 화면으로 이동"
<jungsan> info[2022-08-26 11:46:05]: GET /login 200 "로그인 화면으로 이동"
<jungsan> info[2022-08-26 11:47:05]: POST /login 200 Response: "success: false, msg: 아이디가 존재하지 않습니다."
<jungsan> info[2022-08-26 11:47:05]: POST /login 200 Response: "success: false, msg: 아이디가 존재하지 않습니다."
<jungsan> info[2022-08-26 11:48:05]: 안녕하세요
<jungsan> info[2022-08-26 11:48:05]: 3000포트에서 서버가 가동되었습니다.
<jungsan> info[2022-08-26 11:48:05]: 안녕하세요
<jungsan> info[2022-08-26 11:48:05]: 3000포트에서 서버가 가동되었습니다.
<jungsan> info[2022-08-26 11:49:05]: POST /login 200 Response: "success: false, msg: 아이디가 존재하지 않습니다."
<jungsan> info[2022-08-26 11:50:05]: 안녕하세요
<jungsan> info[2022-08-26 11:50:05]: 3000포트에서 서버가 가동되었습니다.
<jungsan> info[2022-08-26 11:50:05]: POST /login 200 Response: "success: false, msg: 아이디가 존재하지 않습니다."
<jungsan> info[2022-08-26 11:50:05]: GET /login 200 "로그인 화면으로 이동"
<jungsan> info[2022-08-26 11:52:05]: 안녕하세요
<jungsan> info[2022-08-26 11:52:05]: 3000포트에서 서버가 가동되었습니다.
<jungsan> info[2022-08-26 11:52:05]: 안녕하세요
<jungsan> info[2022-08-26 11:52:05]: 3000포트에서 서버가 가동되었습니다.
<jungsan> info[2022-08-26 11:53:05]: 안녕하세요
<jungsan> info[2022-08-26 11:53:05]: 3000포트에서 서버가 가동되었습니다.
<jungsan> info[2022-08-26 11:53:05]: GET /login 200 "로그인 화면으로 이동"
<jungsan> info[2022-08-26 11:54:05]: POST /login 200 Response: "success: false, msg: 아이디가 존재하지 않습니다."
<jungsan> info[2022-08-26 11:54:05]: 안녕하세요
<jungsan> info[2022-08-26 11:54:05]: 3000포트에서 서버가 가동되었습니다.
<jungsan> info[2022-08-26 11:55:05]: GET /login 200 "로그인 화면으로 이동"
<jungsan> info[2022-08-26 11:55:05]: POST /login 200 Response: "success: false, msg: 아이디가 존재하지 않습니다."
<jungsan> info[2022-08-26 11:55:05]: 안녕하세요
<jungsan> info[2022-08-26 11:55:05]: 3000포트에서 서버가 가동되었습니다.
<jungsan> info[2022-08-26 11:56:05]: 안녕하세요
<jungsan> info[2022-08-26 11:56:05]: 3000포트에서 서버가 가동되었습니다.
<jungsan> info[2022-08-26 11:57:05]: 안녕하세요
<jungsan> info[2022-08-26 11:57:05]: 3000포트에서 서버가 가동되었습니다.
<jungsan> info[2022-08-26 11:58:05]: 안녕하세요
<jungsan> info[2022-08-26 11:58:05]: 3000포트에서 서버가 가동되었습니다.
<jungsan> info[2022-08-26 11:58:05]: 안녕하세요
<jungsan> info[2022-08-26 11:58:05]: 3000포트에서 서버가 가동되었습니다.
<jungsan> info[2022-08-26 11:58:05]: GET /login 200 "로그인 화면으로 이동"
<jungsan> info[2022-08-26 11:58:05]: ::1 - - [26/Aug/2022:02:58:53 +0000] "GET /login HTTP/1.1" 200 675

<jungsan> info[2022-08-26 11:59:05]: 안녕하세요
<jungsan> info[2022-08-26 11:59:05]: 3000포트에서 서버가 가동되었습니다.
<jungsan> info[2022-08-26 11:59:05]: GET /login 200 "로그인 화면으로 이동"
<jungsan> info[2022-08-26 11:59:05]: GET /login 304 - - 9.390 ms

<jungsan> info[2022-08-26 12:00:05]: 3000포트에서 서버가 가동되었습니다.
<jungsan> info[2022-08-26 12:00:05]: GET /login 200 "로그인 화면으로 이동"
<jungsan> info[2022-08-26 12:00:05]: GET /login 200 "로그인 화면으로 이동"
<jungsan> info[2022-08-26 12:00:05]: GET /login 200 "로그인 화면으로 이동"
<jungsan> info[2022-08-26 12:00:05]: GET /login 200 "로그인 화면으로 이동"
<jungsan> info[2022-08-26 12:00:05]: GET /login 200 "로그인 화면으로 이동"
<jungsan> info[2022-08-26 12:00:05]: GET /login 200 "로그인 화면으로 이동"
<jungsan> info[2022-08-26 12:00:05]: GET /login 200 "로그인 화면으로 이동"
<jungsan> info[2022-08-26 12:00:05]: GET /login 200 "로그인 화면으로 이동"
